I0422 09:06:28.503816   20864 load.go:31] Reloading schema and connectors...
W0422 09:06:28.658631   20864 control.go:74] [projects/emulator/locations/emulator/services/projeto-do-estagio-1 c294] connector "example" has errors: example\queries.gql:75:5: Cannot query field "userSubscriptions" on type "User".

sources: example\mutations.gql [2602B] example\queries.gql [1645B] 
I0422 09:06:28.658631   20864 control.go:100] [projects/emulator/locations/emulator/services/projeto-do-estagio-1 c294] UpdateResources(): done
Main schema: sources: schema\schema.gql [1170B] 
Connector "example": sources: example\queries.gql [1645B] example\mutations.gql [2602B] 
E0422 09:06:28.661159   20864 load.go:73] Could not load sources: 
Errors: example\queries.gql:75:5: Cannot query field "userSubscriptions" on type "User".
I0422 09:06:28.667822   20864 collector.go:107] schema extensions wrote into "C:\\Users\\PC\\Documents\\ProjetoAngolanVpn\\Projeto-do-Estagio-\\dataconnect\\.dataconnect\\schema"
Generated sources: main\query.gql [10361B] main\mutation.gql [28140B] prelude.gql [82799B] main\implicit.gql [3152B] main\input.gql [82780B] main\relation.gql [39527B] 
I0422 09:06:28.669833   20864 load.go:74] Finished reloading
I0422 09:06:28.678470   20864 dev.go:104] Listening on address (HTTP + gRPC): 127.0.0.1:9399
I0422 09:06:28.679704   20864 dev.go:104] Listening on address (HTTP + gRPC): [::1]:9399
W0422 09:06:34.177466   20864 control.go:74] [projects/emulator/locations/emulator/services/projeto-do-estagio-1 0b21] connector "example" has errors: example\queries.gql:75:5: Cannot query field "userSubscriptions" on type "User".

sources: example\mutations.gql [2602B] example\queries.gql [1645B] 
I0422 09:06:34.177466   20864 control.go:100] [projects/emulator/locations/emulator/services/projeto-do-estagio-1 0b21] UpdateResources(): done
Main schema: sources: schema\schema.gql [1170B] 
Connector "example": sources: example\mutations.gql [2602B] example\queries.gql [1645B] 
I0422 09:06:34.177466   20864 service.go:190] [projects/emulator/locations/emulator/services/projeto-do-estagio-1 0b21] while configuring to server.Settings{ConnectionString:"dbname='fdcdb-1' host='127.0.0.1' port='5432' sslmode='disable' dbname='fdcdb-1'", MaxOpenConnection:0, UseDummy:false, EnableGoogleMLIntegration:false, SchemaSettings:esql.Settings{SchemaValidationMode:"", SchemaName:""}}, failed to reload last live sources: 
Errors: example\queries.gql:75:5: Cannot query field "userSubscriptions" on type "User".
I0422 09:06:34.202777   20864 configure_emulator.go:21] ConfigureEmulator successed
Request: service_id:  "projeto-do-estagio-1"
connection_string:  "postgres://127.0.0.1:5432/fdcdb-1?sslmode=disable"
database:  "fdcdb-1"

Response: 
I0422 09:08:23.059321   20864 engine.go:211] [projects/emulator/locations/emulator/services/projeto-do-estagio-1 0b21] ExecuteQuery query GetUserSubscription: invalid request. Connector: example
Auth: user of {"UID":"EcRNFl2Kk1UwXAcObYMMPnLWNJk1","Token":{"aud":"angolanvpn-b8e9c","auth_time":1776842637,"email":"emanuelcostoado2@gmail.com","email_verified":false,"exp":1776846237,"firebase":{"identities":{"email":["emanuelcostoado2@gmail.com"]},"sign_in_provider":"password"},"iat":1776842637,"iss":"https://securetoken.google.com/angolanvpn-b8e9c","name":"Emanuel da Costa Rabaçal","sub":"EcRNFl2Kk1UwXAcObYMMPnLWNJk1","user_id":"EcRNFl2Kk1UwXAcObYMMPnLWNJk1"}}

Variables Set: [_appCheckProvider _appCheckTokenProvider _authProvider _authTokenProvider _callerSdkType _initialized _isUsingGeneratedSdk _mutationManager _queryManager _transport _transportOptions app dataConnectOptions isEmulator]
Errors: [message:"$userId (UUID) is missing"  extensions:{code:INVALID_ARGUMENT} message:"$app is not expected (did you mean userId?)"  extensions:{code:INVALID_ARGUMENT} message:"$_callerSdkType is not expected (did you mean userId?)"  extensions:{code:INVALID_ARGUMENT} message:"$_queryManager is not expected (did you mean userId?)"  extensions:{code:INVALID_ARGUMENT} message:"$_authProvider is not expected (did you mean userId?)"  extensions:{code:INVALID_ARGUMENT} message:"$_initialized is not expected (did you mean userId?)"  extensions:{code:INVALID_ARGUMENT} message:"$_transport is not expected (did you mean userId?)"  extensions:{code:INVALID_ARGUMENT} message:"$isEmulator is not expected (did you mean userId?)"  extensions:{code:INVALID_ARGUMENT} message:"$_mutationManager is not expected (did you mean userId?)"  extensions:{code:INVALID_ARGUMENT} message:"$_transportOptions is not expected (did you mean userId?)"  extensions:{code:INVALID_ARGUMENT} message:"$_authTokenProvider is not expected (did you mean userId?)"  extensions:{code:INVALID_ARGUMENT} message:"$_appCheckTokenProvider is not expected (did you mean userId?)"  extensions:{code:INVALID_ARGUMENT} message:"$dataConnectOptions is not expected (did you mean userId?)"  extensions:{code:INVALID_ARGUMENT} message:"$_appCheckProvider is not expected (did you mean userId?)"  extensions:{code:INVALID_ARGUMENT} message:"$_isUsingGeneratedSdk is not expected (did you mean userId?)"  extensions:{code:INVALID_ARGUMENT}]
sources: example\mutations.gql [2602B] example\queries.gql [1645B] 
I0422 09:28:58.677970   20864 load.go:31] Reloading schema and connectors...
E0422 09:28:58.717078   20864 load.go:73] Could not load sources: 
Errors: schema\schema.gql:37:20: Undefined argument name for directive ref.
I0422 09:28:58.732545   20864 collector.go:107] schema extensions wrote into "C:\\Users\\PC\\Documents\\ProjetoAngolanVpn\\Projeto-do-Estagio-\\dataconnect\\.dataconnect\\schema"
Generated sources: prelude.gql [82799B] main\implicit.gql [3152B] main\input.gql [82780B] main\relation.gql [39527B] main\query.gql [10361B] main\mutation.gql [28140B] 
I0422 09:28:58.732545   20864 load.go:74] Finished reloading
I0422 09:31:18.671411   20864 load.go:31] Reloading schema and connectors...
I0422 09:31:19.158629   20864 control.go:100] [projects/emulator/locations/emulator/services/projeto-do-estagio-1 f6cd] UpdateResources(): done
Main schema: sources: schema\schema.gql [1170B] 
Connector "example": sources: example\mutations.gql [2602B] example\queries.gql [1653B] 
I0422 09:31:19.664160   20864 control.go:100] [projects/emulator/locations/emulator/services/projeto-do-estagio-1 090c] UpdateResources(): done
Main schema: sources: schema\schema.gql [1170B] 
Connector "example": sources: example\queries.gql [1653B] example\mutations.gql [2602B] 
I0422 09:31:19.942508   20864 codegen.go:101] [connector "example" javascriptSdk] Generating sources into "C:\\Users\\PC\\Documents\\ProjetoAngolanVpn\\Projeto-do-Estagio-\\src\\dataconnect-generated"
I0422 09:31:19.990778   20864 collector.go:107] schema extensions wrote into "C:\\Users\\PC\\Documents\\ProjetoAngolanVpn\\Projeto-do-Estagio-\\dataconnect\\.dataconnect\\schema"
Generated sources: main\input.gql [82780B] main\relation.gql [39527B] main\query.gql [10361B] prelude.gql [82799B] main\mutation.gql [28140B] main\implicit.gql [3152B] 
I0422 09:31:20.001175   20864 collector.go:107] connector "example" javascriptSdk wrote into "C:\\Users\\PC\\Documents\\ProjetoAngolanVpn\\Projeto-do-Estagio-\\src\\dataconnect-generated"
Generated sources: esm\package.json [17B] index.cjs.js [11149B] .guides/setup.md [1631B] package.json [865B] angular\index.d.ts [7461B] angular\package.json [653B] angular\esm\package.json [17B] angular\README.md [91420B] .guides/usage.md [4232B] esm\index.esm.js [10017B] README.md [82775B] angular\index.cjs.js [6025B] .guides/config.json [236B] index.d.ts [17767B] angular\esm\index.esm.js [5590B] 
I0422 09:31:20.019075   20864 installsdk.go:55] Package @dataconnect/generated is already installed. Skipping installation
I0422 09:31:20.019075   20864 load.go:109] Finished reloading
